<?xml version="1.0" encoding="UTF-8"?>
<testsuite name="io.github.nadhifradityo.stima_tucil1_23045.UtilsTest" tests="2" skipped="0" failures="0" errors="0" timestamp="2025-02-20T17:48:42" hostname="NADHIF-MSI-GF75" time="0.031">
  <properties/>
  <testcase name="canGenerateRectangularBitField()" classname="io.github.nadhifradityo.stima_tucil1_23045.UtilsTest" time="0.028"/>
  <testcase name="canGeneratePyramidalBitField()" classname="io.github.nadhifradityo.stima_tucil1_23045.UtilsTest" time="0.001"/>
  <system-out><![CDATA[Z: 0
XXXX
XXXX
XXXX
XXXX
Z: 0
XXXX
XXXX
XXXX
XXXX
Z: 1
XXX 
XXX 
XXX 
    
Z: 2
XX  
XX  
    
    
Z: 3
X   
    
    
    
]]></system-out>
  <system-err><![CDATA[]]></system-err>
</testsuite>
